<?xml version="1.0" encoding="UTF-8"?>
<!-- Generated by org.testng.reporters.JUnitReportReporter -->
<testsuite hostname="DIN19900058" name="selenium.NewTest" tests="1" failures="0" timestamp="31 Aug 2016 05:53:08 GMT" time="46.753" errors="1">
  <testcase name="f" time="46.753" classname="selenium.NewTest">
    <error type="org.openqa.selenium.WebDriverException" message="Failed to connect to binary FirefoxBinary(C:\Program Files (x86)\Mozilla Firefox\firefox.exe) on port 7055; process output follows: 
,&quot;syncGUID&quot;:&quot;XKzzN4HWUoCf&quot;,&quot;location&quot;:&quot;app-global&quot;,&quot;version&quot;:&quot;48.0.1&quot;,&quot;type&quot;:&quot;theme&quot;,&quot;internalName&quot;:&quot;classic/1.0&quot;,&quot;updateURL&quot;:null,&quot;updateKey&quot;:null,&quot;optionsURL&quot;:null,&quot;optionsType&quot;:null,&quot;aboutURL&quot;:null,&quot;icons&quot;:{&quot;32&quot;:&quot;icon.png&quot;,&quot;48&quot;:&quot;icon.png&quot;},&quot;iconURL&quot;:null,&quot;icon64URL&quot;:null,&quot;defaultLocale&quot;:{&quot;name&quot;:&quot;Default&quot;,&quot;description&quot;:&quot;The default theme.&quot;,&quot;creator&quot;:&quot;Mozilla&quot;,&quot;homepageURL&quot;:null,&quot;contributors&quot;:[&quot;Mozilla Contributors&quot;]},&quot;visible&quot;:true,&quot;active&quot;:true,&quot;userDisabled&quot;:false,&quot;appDisabled&quot;:false,&quot;descriptor&quot;:&quot;C:\\Program Files (x86)\\Mozilla Firefox\\browser\\extensions\\{972ce4c6-7e08-4474-a285-3208198ce6fd}.xpi&quot;,&quot;installDate&quot;:1471469904000,&quot;updateDate&quot;:1471469904000,&quot;applyBackgroundUpdates&quot;:1,&quot;skinnable&quot;:true,&quot;size&quot;:21905,&quot;sourceURI&quot;:null,&quot;releaseNotesURI&quot;:null,&quot;softDisabled&quot;:false,&quot;foreignInstall&quot;:false,&quot;hasBinaryComponents&quot;:false,&quot;strictCompatibility&quot;:true,&quot;locales&quot;:[],&quot;targetApplications&quot;:[{&quot;id&quot;:&quot;{ec8030f7-c20a-464f-9b0e-13a3a9e97384}&quot;,&quot;minVersion&quot;:&quot;48.0.1&quot;,&quot;maxVersion&quot;:&quot;48.0.1&quot;}],&quot;targetPlatforms&quot;:[],&quot;seen&quot;:true}
1472622744243	addons.xpi	DEBUG	getModTime: Recursive scan of {972ce4c6-7e08-4474-a285-3208198ce6fd}
1472622744244	DeferredSave.extensions.json	DEBUG	Save changes
1472622744244	addons.xpi	DEBUG	Updating database with changes to installed add-ons
1472622744244	addons.xpi-utils	DEBUG	Updating add-on states
1472622744245	addons.xpi-utils	DEBUG	Writing add-ons list
1472622744249	addons.xpi	DEBUG	Registering manifest for C:\Program Files (x86)\Mozilla Firefox\browser\features\e10srollout@mozilla.org.xpi
1472622744250	addons.xpi	DEBUG	Calling bootstrap method startup on e10srollout@mozilla.org version 1.1
1472622744250	addons.xpi	DEBUG	Registering manifest for C:\Program Files (x86)\Mozilla Firefox\browser\features\firefox@getpocket.com.xpi
1472622744251	addons.xpi	DEBUG	Calling bootstrap method startup on firefox@getpocket.com version 1.0.4
1472622744252	addons.xpi	DEBUG	Registering manifest for C:\Program Files (x86)\Mozilla Firefox\browser\features\loop@mozilla.org.xpi
1472622744252	addons.xpi	DEBUG	Calling bootstrap method startup on loop@mozilla.org version 1.4.4
1472622744266	addons.manager	DEBUG	Registering shutdown blocker for XPIProvider
1472622744266	addons.manager	DEBUG	Provider finished startup: XPIProvider
1472622744266	addons.manager	DEBUG	Starting provider: LightweightThemeManager
1472622744266	addons.manager	DEBUG	Registering shutdown blocker for LightweightThemeManager
1472622744267	addons.manager	DEBUG	Provider finished startup: LightweightThemeManager
1472622744267	addons.manager	DEBUG	Starting provider: GMPProvider
1472622744274	addons.manager	DEBUG	Registering shutdown blocker for GMPProvider
1472622744274	addons.manager	DEBUG	Provider finished startup: GMPProvider
1472622744274	addons.manager	DEBUG	Starting provider: PluginProvider
1472622744274	addons.manager	DEBUG	Registering shutdown blocker for PluginProvider
1472622744274	addons.manager	DEBUG	Provider finished startup: PluginProvider
1472622744275	addons.manager	DEBUG	Completed startup sequence
1472622745393	addons.manager	DEBUG	Starting provider: &lt;unnamed-provider&gt;
1472622745393	addons.manager	DEBUG	Registering shutdown blocker for &lt;unnamed-provider&gt;
1472622745393	addons.manager	DEBUG	Provider finished startup: &lt;unnamed-provider&gt;
1472622745394	DeferredSave.extensions.json	DEBUG	Starting write
1472622745716	addons.repository	DEBUG	No addons.json found.
1472622745717	DeferredSave.addons.json	DEBUG	Save changes
1472622745720	DeferredSave.addons.json	DEBUG	Starting timer
1472622745790	addons.manager	DEBUG	Starting provider: PreviousExperimentProvider
1472622745790	addons.manager	DEBUG	Registering shutdown blocker for PreviousExperimentProvider
1472622745790	addons.manager	DEBUG	Provider finished startup: PreviousExperimentProvider
1472622745794	DeferredSave.extensions.json	DEBUG	Write succeeded
1472622745795	addons.xpi-utils	DEBUG	XPI Database saved, setting schema version preference to 17
1472622745795	DeferredSave.addons.json	DEBUG	Starting write
1472622745815	DeferredSave.addons.json	DEBUG	Write succeeded

Build info: version: &#039;3.0.0-beta2&#039;, revision: &#039;2aa21c1&#039;, time: &#039;2016-08-02 15:03:28 -0700&#039;
System info: host: &#039;DIN19900058&#039;, ip: &#039;10.246.59.53&#039;, os.name: &#039;Windows 10&#039;, os.arch: &#039;amd64&#039;, os.version: &#039;10.0&#039;, java.version: &#039;1.8.0_91&#039;
Driver info: driver.version: FirefoxDriver">
      <![CDATA[org.openqa.selenium.WebDriverException: Failed to connect to binary FirefoxBinary(C:\Program Files (x86)\Mozilla Firefox\firefox.exe) on port 7055; process output follows: 
,"syncGUID":"XKzzN4HWUoCf","location":"app-global","version":"48.0.1","type":"theme","internalName":"classic/1.0","updateURL":null,"updateKey":null,"optionsURL":null,"optionsType":null,"aboutURL":null,"icons":{"32":"icon.png","48":"icon.png"},"iconURL":null,"icon64URL":null,"defaultLocale":{"name":"Default","description":"The default theme.","creator":"Mozilla","homepageURL":null,"contributors":["Mozilla Contributors"]},"visible":true,"active":true,"userDisabled":false,"appDisabled":false,"descriptor":"C:\\Program Files (x86)\\Mozilla Firefox\\browser\\extensions\\{972ce4c6-7e08-4474-a285-3208198ce6fd}.xpi","installDate":1471469904000,"updateDate":1471469904000,"applyBackgroundUpdates":1,"skinnable":true,"size":21905,"sourceURI":null,"releaseNotesURI":null,"softDisabled":false,"foreignInstall":false,"hasBinaryComponents":false,"strictCompatibility":true,"locales":[],"targetApplications":[{"id":"{ec8030f7-c20a-464f-9b0e-13a3a9e97384}","minVersion":"48.0.1","maxVersion":"48.0.1"}],"targetPlatforms":[],"seen":true}
1472622744243	addons.xpi	DEBUG	getModTime: Recursive scan of {972ce4c6-7e08-4474-a285-3208198ce6fd}
1472622744244	DeferredSave.extensions.json	DEBUG	Save changes
1472622744244	addons.xpi	DEBUG	Updating database with changes to installed add-ons
1472622744244	addons.xpi-utils	DEBUG	Updating add-on states
1472622744245	addons.xpi-utils	DEBUG	Writing add-ons list
1472622744249	addons.xpi	DEBUG	Registering manifest for C:\Program Files (x86)\Mozilla Firefox\browser\features\e10srollout@mozilla.org.xpi
1472622744250	addons.xpi	DEBUG	Calling bootstrap method startup on e10srollout@mozilla.org version 1.1
1472622744250	addons.xpi	DEBUG	Registering manifest for C:\Program Files (x86)\Mozilla Firefox\browser\features\firefox@getpocket.com.xpi
1472622744251	addons.xpi	DEBUG	Calling bootstrap method startup on firefox@getpocket.com version 1.0.4
1472622744252	addons.xpi	DEBUG	Registering manifest for C:\Program Files (x86)\Mozilla Firefox\browser\features\loop@mozilla.org.xpi
1472622744252	addons.xpi	DEBUG	Calling bootstrap method startup on loop@mozilla.org version 1.4.4
1472622744266	addons.manager	DEBUG	Registering shutdown blocker for XPIProvider
1472622744266	addons.manager	DEBUG	Provider finished startup: XPIProvider
1472622744266	addons.manager	DEBUG	Starting provider: LightweightThemeManager
1472622744266	addons.manager	DEBUG	Registering shutdown blocker for LightweightThemeManager
1472622744267	addons.manager	DEBUG	Provider finished startup: LightweightThemeManager
1472622744267	addons.manager	DEBUG	Starting provider: GMPProvider
1472622744274	addons.manager	DEBUG	Registering shutdown blocker for GMPProvider
1472622744274	addons.manager	DEBUG	Provider finished startup: GMPProvider
1472622744274	addons.manager	DEBUG	Starting provider: PluginProvider
1472622744274	addons.manager	DEBUG	Registering shutdown blocker for PluginProvider
1472622744274	addons.manager	DEBUG	Provider finished startup: PluginProvider
1472622744275	addons.manager	DEBUG	Completed startup sequence
1472622745393	addons.manager	DEBUG	Starting provider: <unnamed-provider>
1472622745393	addons.manager	DEBUG	Registering shutdown blocker for <unnamed-provider>
1472622745393	addons.manager	DEBUG	Provider finished startup: <unnamed-provider>
1472622745394	DeferredSave.extensions.json	DEBUG	Starting write
1472622745716	addons.repository	DEBUG	No addons.json found.
1472622745717	DeferredSave.addons.json	DEBUG	Save changes
1472622745720	DeferredSave.addons.json	DEBUG	Starting timer
1472622745790	addons.manager	DEBUG	Starting provider: PreviousExperimentProvider
1472622745790	addons.manager	DEBUG	Registering shutdown blocker for PreviousExperimentProvider
1472622745790	addons.manager	DEBUG	Provider finished startup: PreviousExperimentProvider
1472622745794	DeferredSave.extensions.json	DEBUG	Write succeeded
1472622745795	addons.xpi-utils	DEBUG	XPI Database saved, setting schema version preference to 17
1472622745795	DeferredSave.addons.json	DEBUG	Starting write
1472622745815	DeferredSave.addons.json	DEBUG	Write succeeded

Build info: version: '3.0.0-beta2', revision: '2aa21c1', time: '2016-08-02 15:03:28 -0700'
System info: host: 'DIN19900058', ip: '10.246.59.53', os.name: 'Windows 10', os.arch: 'amd64', os.version: '10.0', java.version: '1.8.0_91'
Driver info: driver.version: FirefoxDriver
	at org.openqa.selenium.firefox.internal.NewProfileExtensionConnection.start(NewProfileExtensionConnection.java:125)
	at org.openqa.selenium.firefox.FirefoxDriver.startClient(FirefoxDriver.java:315)
	at org.openqa.selenium.remote.RemoteWebDriver.<init>(RemoteWebDriver.java:118)
	at org.openqa.selenium.firefox.FirefoxDriver.<init>(FirefoxDriver.java:232)
	at org.openqa.selenium.firefox.FirefoxDriver.<init>(FirefoxDriver.java:220)
	at org.openqa.selenium.firefox.FirefoxDriver.<init>(FirefoxDriver.java:215)
	at org.openqa.selenium.firefox.FirefoxDriver.<init>(FirefoxDriver.java:211)
	at org.openqa.selenium.firefox.FirefoxDriver.<init>(FirefoxDriver.java:124)
	at selenium.NewTest.f(NewTest.java:15)
	at sun.reflect.NativeMethodAccessorImpl.invoke0(Native Method)
	at sun.reflect.NativeMethodAccessorImpl.invoke(Unknown Source)
	at sun.reflect.DelegatingMethodAccessorImpl.invoke(Unknown Source)
	at java.lang.reflect.Method.invoke(Unknown Source)
	at org.testng.internal.MethodInvocationHelper.invokeMethod(MethodInvocationHelper.java:85)
	at org.testng.internal.Invoker.invokeMethod(Invoker.java:639)
	at org.testng.internal.Invoker.invokeTestMethod(Invoker.java:816)
	at org.testng.internal.Invoker.invokeTestMethods(Invoker.java:1124)
	at org.testng.internal.TestMethodWorker.invokeTestMethods(TestMethodWorker.java:125)
	at org.testng.internal.TestMethodWorker.run(TestMethodWorker.java:108)
	at org.testng.TestRunner.privateRun(TestRunner.java:774)
	at org.testng.TestRunner.run(TestRunner.java:624)
	at org.testng.SuiteRunner.runTest(SuiteRunner.java:359)
	at org.testng.SuiteRunner.runSequentially(SuiteRunner.java:354)
	at org.testng.SuiteRunner.privateRun(SuiteRunner.java:312)
	at org.testng.SuiteRunner.run(SuiteRunner.java:261)
	at org.testng.SuiteRunnerWorker.runSuite(SuiteRunnerWorker.java:52)
	at org.testng.SuiteRunnerWorker.run(SuiteRunnerWorker.java:86)
	at org.testng.TestNG.runSuitesSequentially(TestNG.java:1215)
	at org.testng.TestNG.runSuitesLocally(TestNG.java:1140)
	at org.testng.TestNG.run(TestNG.java:1048)
	at org.testng.remote.AbstractRemoteTestNG.run(AbstractRemoteTestNG.java:126)
	at org.testng.remote.RemoteTestNG.initAndRun(RemoteTestNG.java:152)
	at org.testng.remote.RemoteTestNG.main(RemoteTestNG.java:57)
Caused by: org.openqa.selenium.firefox.NotConnectedException: Unable to connect to host 127.0.0.1 on port 7055 after 45000 ms. Firefox console output:
,"syncGUID":"XKzzN4HWUoCf","location":"app-global","version":"48.0.1","type":"theme","internalName":"classic/1.0","updateURL":null,"updateKey":null,"optionsURL":null,"optionsType":null,"aboutURL":null,"icons":{"32":"icon.png","48":"icon.png"},"iconURL":null,"icon64URL":null,"defaultLocale":{"name":"Default","description":"The default theme.","creator":"Mozilla","homepageURL":null,"contributors":["Mozilla Contributors"]},"visible":true,"active":true,"userDisabled":false,"appDisabled":false,"descriptor":"C:\\Program Files (x86)\\Mozilla Firefox\\browser\\extensions\\{972ce4c6-7e08-4474-a285-3208198ce6fd}.xpi","installDate":1471469904000,"updateDate":1471469904000,"applyBackgroundUpdates":1,"skinnable":true,"size":21905,"sourceURI":null,"releaseNotesURI":null,"softDisabled":false,"foreignInstall":false,"hasBinaryComponents":false,"strictCompatibility":true,"locales":[],"targetApplications":[{"id":"{ec8030f7-c20a-464f-9b0e-13a3a9e97384}","minVersion":"48.0.1","maxVersion":"48.0.1"}],"targetPlatforms":[],"seen":true}
1472622744243	addons.xpi	DEBUG	getModTime: Recursive scan of {972ce4c6-7e08-4474-a285-3208198ce6fd}
1472622744244	DeferredSave.extensions.json	DEBUG	Save changes
1472622744244	addons.xpi	DEBUG	Updating database with changes to installed add-ons
1472622744244	addons.xpi-utils	DEBUG	Updating add-on states
1472622744245	addons.xpi-utils	DEBUG	Writing add-ons list
1472622744249	addons.xpi	DEBUG	Registering manifest for C:\Program Files (x86)\Mozilla Firefox\browser\features\e10srollout@mozilla.org.xpi
1472622744250	addons.xpi	DEBUG	Calling bootstrap method startup on e10srollout@mozilla.org version 1.1
1472622744250	addons.xpi	DEBUG	Registering manifest for C:\Program Files (x86)\Mozilla Firefox\browser\features\firefox@getpocket.com.xpi
1472622744251	addons.xpi	DEBUG	Calling bootstrap method startup on firefox@getpocket.com version 1.0.4
1472622744252	addons.xpi	DEBUG	Registering manifest for C:\Program Files (x86)\Mozilla Firefox\browser\features\loop@mozilla.org.xpi
1472622744252	addons.xpi	DEBUG	Calling bootstrap method startup on loop@mozilla.org version 1.4.4
1472622744266	addons.manager	DEBUG	Registering shutdown blocker for XPIProvider
1472622744266	addons.manager	DEBUG	Provider finished startup: XPIProvider
1472622744266	addons.manager	DEBUG	Starting provider: LightweightThemeManager
1472622744266	addons.manager	DEBUG	Registering shutdown blocker for LightweightThemeManager
1472622744267	addons.manager	DEBUG	Provider finished startup: LightweightThemeManager
1472622744267	addons.manager	DEBUG	Starting provider: GMPProvider
1472622744274	addons.manager	DEBUG	Registering shutdown blocker for GMPProvider
1472622744274	addons.manager	DEBUG	Provider finished startup: GMPProvider
1472622744274	addons.manager	DEBUG	Starting provider: PluginProvider
1472622744274	addons.manager	DEBUG	Registering shutdown blocker for PluginProvider
1472622744274	addons.manager	DEBUG	Provider finished startup: PluginProvider
1472622744275	addons.manager	DEBUG	Completed startup sequence
1472622745393	addons.manager	DEBUG	Starting provider: <unnamed-provider>
1472622745393	addons.manager	DEBUG	Registering shutdown blocker for <unnamed-provider>
1472622745393	addons.manager	DEBUG	Provider finished startup: <unnamed-provider>
1472622745394	DeferredSave.extensions.json	DEBUG	Starting write
1472622745716	addons.repository	DEBUG	No addons.json found.
1472622745717	DeferredSave.addons.json	DEBUG	Save changes
1472622745720	DeferredSave.addons.json	DEBUG	Starting timer
1472622745790	addons.manager	DEBUG	Starting provider: PreviousExperimentProvider
1472622745790	addons.manager	DEBUG	Registering shutdown blocker for PreviousExperimentProvider
1472622745790	addons.manager	DEBUG	Provider finished startup: PreviousExperimentProvider
1472622745794	DeferredSave.extensions.json	DEBUG	Write succeeded
1472622745795	addons.xpi-utils	DEBUG	XPI Database saved, setting schema version preference to 17
1472622745795	DeferredSave.addons.json	DEBUG	Starting write
1472622745815	DeferredSave.addons.json	DEBUG	Write succeeded

	at org.openqa.selenium.firefox.internal.NewProfileExtensionConnection.start(NewProfileExtensionConnection.java:113)
	... 32 more
]]>
    </error>
  </testcase> <!-- f -->
</testsuite> <!-- selenium.NewTest -->
