<?xml version="1.0" encoding="UTF-8"?>
<!-- Generated by org.testng.reporters.JUnitReportReporter -->
<testsuite hostname="Gregorys-MacBook-Pro.local" name="testCases.ExecuteTest" tests="1" failures="0" timestamp="9 Sep 2016 21:02:15 GMT" time="14.372" errors="0">
  <testcase name="testLogin" time="14.372" classname="testCases.ExecuteTest"/>
</testsuite> <!-- testCases.ExecuteTest -->
